  Source.cpp
E:\Career Work\Education\UCSC\Quarters\First Year\Fall\GPM 230\Project_2\Source.cpp(20,21): warning C4305: 'initializing': truncation from 'double' to 'float'
E:\Career Work\Education\UCSC\Quarters\First Year\Fall\GPM 230\Project_2\Source.cpp(45,27): warning C4244: 'argument': conversion from 'float' to 'int', possible loss of data
E:\Career Work\Education\UCSC\Quarters\First Year\Fall\GPM 230\Project_2\Source.cpp(46,28): warning C4244: 'argument': conversion from 'float' to 'int', possible loss of data
E:\Career Work\Education\UCSC\Quarters\First Year\Fall\GPM 230\Project_2\Source.cpp(288,16): warning C4244: 'initializing': conversion from 'T' to 'int', possible loss of data
          with
          [
              T=float
          ]
E:\Career Work\Education\UCSC\Quarters\First Year\Fall\GPM 230\Project_2\Source.cpp(289,16): warning C4244: 'initializing': conversion from 'T' to 'int', possible loss of data
          with
          [
              T=float
          ]
E:\Career Work\Education\UCSC\Quarters\First Year\Fall\GPM 230\Project_2\Source.cpp(335,18): warning C4244: 'return': conversion from 'float' to 'int', possible loss of data
E:\Career Work\Education\UCSC\Quarters\First Year\Fall\GPM 230\Project_2\Source.cpp(373,27): warning C4244: 'argument': conversion from 'float' to 'int', possible loss of data
E:\Career Work\Education\UCSC\Quarters\First Year\Fall\GPM 230\Project_2\Source.cpp(378,28): warning C4244: 'argument': conversion from 'float' to 'int', possible loss of data
E:\Career Work\Education\UCSC\Quarters\First Year\Fall\GPM 230\Project_2\Source.cpp(389,41): warning C4244: 'argument': conversion from 'int' to 'float', possible loss of data
E:\Career Work\Education\UCSC\Quarters\First Year\Fall\GPM 230\Project_2\Source.cpp(454,25): warning C4018: '<': signed/unsigned mismatch
E:\Career Work\Education\UCSC\Quarters\First Year\Fall\GPM 230\Project_2\Source.cpp(405): warning C4715: 'myClamp': not all control paths return a value
  Project_2.vcxproj -> E:\Career Work\Education\UCSC\Quarters\First Year\Fall\GPM 230\Project_2\Debug\Project_2.exe
